2026-01-18 22:06:19,536 - /Users/bytedance/AI/SpaceExploreAI/train/train_model.py - INFO - 准备训练股票预测模型...
2026-01-18 22:06:19,767 - /Users/bytedance/AI/SpaceExploreAI/train/train_model.py - INFO - 使用设备: mps
2026-01-18 22:06:19,782 - /Users/bytedance/AI/SpaceExploreAI/train/train_model.py - INFO - 设置随机种子: 42
2026-01-18 22:06:19,782 - /Users/bytedance/AI/SpaceExploreAI/train/train_model.py - INFO - 加载和处理数据...
2026-01-18 22:06:19,783 - /Users/bytedance/AI/SpaceExploreAI/train/train_model.py - INFO - 处理股票 *...
2026-01-18 22:06:19,783 - /Users/bytedance/AI/SpaceExploreAI/train/train_model.py - INFO - 加载已处理的数据 *...
2026-01-18 22:06:46,406 - /Users/bytedance/AI/SpaceExploreAI/train/train_model.py - INFO - 准备训练股票预测模型...
2026-01-18 22:06:46,422 - /Users/bytedance/AI/SpaceExploreAI/train/train_model.py - INFO - 使用设备: mps
2026-01-18 22:06:46,427 - /Users/bytedance/AI/SpaceExploreAI/train/train_model.py - INFO - 设置随机种子: 42
2026-01-18 22:06:46,427 - /Users/bytedance/AI/SpaceExploreAI/train/train_model.py - INFO - 加载和处理数据...
2026-01-18 22:06:46,427 - /Users/bytedance/AI/SpaceExploreAI/train/train_model.py - INFO - 处理股票 *...
2026-01-18 22:06:46,427 - /Users/bytedance/AI/SpaceExploreAI/train/train_model.py - INFO - 加载已处理的数据 *...
2026-01-18 22:07:45,334 - /Users/bytedance/AI/SpaceExploreAI/train/train_model.py - INFO - 准备训练股票预测模型...
2026-01-18 22:07:45,565 - /Users/bytedance/AI/SpaceExploreAI/train/train_model.py - INFO - 使用设备: mps
2026-01-18 22:07:45,581 - /Users/bytedance/AI/SpaceExploreAI/train/train_model.py - INFO - 设置随机种子: 42
2026-01-18 22:07:45,581 - /Users/bytedance/AI/SpaceExploreAI/train/train_model.py - INFO - 加载和处理数据...
2026-01-18 22:07:45,581 - /Users/bytedance/AI/SpaceExploreAI/train/train_model.py - INFO - 处理股票 AAPL...
2026-01-18 22:07:45,582 - /Users/bytedance/AI/SpaceExploreAI/train/train_model.py - INFO - 加载已处理的数据 AAPL...
2026-01-18 22:43:50,177 - /Users/bytedance/AI/SpaceExploreAI/train/train_model.py - INFO - 准备训练股票预测模型...
2026-01-18 22:43:50,399 - /Users/bytedance/AI/SpaceExploreAI/train/train_model.py - INFO - 使用设备: mps
2026-01-18 22:43:50,414 - /Users/bytedance/AI/SpaceExploreAI/train/train_model.py - INFO - 设置随机种子: 42
2026-01-18 22:43:50,414 - /Users/bytedance/AI/SpaceExploreAI/train/train_model.py - INFO - 加载和处理数据...
2026-01-18 22:43:50,414 - /Users/bytedance/AI/SpaceExploreAI/train/train_model.py - INFO - 处理股票 AAPL...
2026-01-18 22:43:50,414 - /Users/bytedance/AI/SpaceExploreAI/train/train_model.py - INFO - 加载已处理的数据 AAPL...
2026-01-18 22:43:50,443 - /Users/bytedance/AI/SpaceExploreAI/train/train_model.py - INFO - 训练集AAPL :X, y 维度信息: (3199, 32, 64), (3199,)
2026-01-18 22:43:50,465 - /Users/bytedance/AI/SpaceExploreAI/train/train_model.py - INFO - data_results维度信息: (3199, 32, 64), (3199,)
2026-01-18 22:43:50,465 - /Users/bytedance/AI/SpaceExploreAI/train/train_model.py - INFO - 处理股票 MSFT...
2026-01-18 22:43:50,465 - /Users/bytedance/AI/SpaceExploreAI/train/train_model.py - INFO - 加载已处理的数据 MSFT...
2026-01-18 22:43:50,494 - /Users/bytedance/AI/SpaceExploreAI/train/train_model.py - INFO - 训练集MSFT :X, y 维度信息: (3199, 32, 64), (3199,)
2026-01-18 22:43:50,517 - /Users/bytedance/AI/SpaceExploreAI/train/train_model.py - INFO - data_results维度信息: (3199, 32, 64), (3199,)
2026-01-18 22:43:50,517 - /Users/bytedance/AI/SpaceExploreAI/train/train_model.py - INFO - 处理股票 GOOGL...
2026-01-18 22:43:50,517 - /Users/bytedance/AI/SpaceExploreAI/train/train_model.py - INFO - 加载已处理的数据 GOOGL...
2026-01-18 22:43:50,546 - /Users/bytedance/AI/SpaceExploreAI/train/train_model.py - INFO - 训练集GOOGL :X, y 维度信息: (3199, 32, 64), (3199,)
2026-01-18 22:43:50,561 - /Users/bytedance/AI/SpaceExploreAI/train/train_model.py - INFO - data_results维度信息: (3199, 32, 64), (3199,)
2026-01-18 22:43:50,561 - /Users/bytedance/AI/SpaceExploreAI/train/train_model.py - INFO - 创建数据加载器...
2026-01-18 22:43:50,561 - /Users/bytedance/AI/SpaceExploreAI/train/train_model.py - INFO - 使用股票 AAPL 的数据...
2026-01-18 22:43:50,571 - /Users/bytedance/AI/SpaceExploreAI/train/train_model.py - INFO - 特征维度: 64
2026-01-18 22:43:50,571 - /Users/bytedance/AI/SpaceExploreAI/train/train_model.py - INFO - 训练批次数: 50
2026-01-18 22:43:50,571 - /Users/bytedance/AI/SpaceExploreAI/train/train_model.py - INFO - 验证批次数: 6
2026-01-18 22:43:50,571 - /Users/bytedance/AI/SpaceExploreAI/train/train_model.py - INFO - 测试批次数: 6
2026-01-18 22:43:50,571 - /Users/bytedance/AI/SpaceExploreAI/train/train_model.py - INFO - 创建模型...
2026-01-18 22:43:50,571 - /Users/bytedance/AI/SpaceExploreAI/train/train_model.py - INFO - 使用归一化类型: rmsnorm
2026-01-18 22:43:51,213 - /Users/bytedance/AI/SpaceExploreAI/train/train_model.py - INFO - 创建了新模型
2026-01-18 22:43:51,213 - /Users/bytedance/AI/SpaceExploreAI/train/train_model.py - INFO - 创建优化器 AdamW (lr=0.0001, weight_decay=0.02)
2026-01-18 22:43:56,148 - /Users/bytedance/AI/SpaceExploreAI/train/train_model.py - INFO - 创建学习率调度器 ReduceLROnPlateau
2026-01-18 22:43:56,148 - /Users/bytedance/AI/SpaceExploreAI/train/trainer.py - INFO - 使用设备: mps
2026-01-18 22:43:56,149 - /Users/bytedance/AI/SpaceExploreAI/train/trainer.py - INFO - 使用提供的优化器 (当前学习率: 0.0001)
2026-01-18 22:43:56,149 - /Users/bytedance/AI/SpaceExploreAI/train/trainer.py - INFO - 使用MSE损失函数
2026-01-18 22:43:56,149 - /Users/bytedance/AI/SpaceExploreAI/train/train_model.py - INFO - 开始训练模型...
2026-01-18 22:43:56,149 - /Users/bytedance/AI/SpaceExploreAI/train/trainer.py - INFO - 开始训练，共 100 轮
2026-01-18 22:43:56,149 - /Users/bytedance/AI/SpaceExploreAI/train/trainer.py - INFO - 轮次 1/100 开始
2026-01-18 22:44:19,515 - /Users/bytedance/AI/SpaceExploreAI/train/trainer.py - INFO - Batch 5/50, Loss: 0.6437, LR: 0.000100
2026-01-18 22:44:28,122 - /Users/bytedance/AI/SpaceExploreAI/train/trainer.py - INFO - Batch 10/50, Loss: 0.8094, LR: 0.000100
